# JRE version: Java(TM) SE Runtime Environment (8.0_181-b13) (build 1.8.0_181-b13)
# Java VM: Java HotSpot(TM) Client VM (25.181-b13 mixed mode windows-x86 )
Heap:
 def new generation   total 9600K, used 5869K [0x05000000, 0x05a60000, 0x0a550000)
  eden space 8576K,  68% used [0x05000000, 0x055bb460, 0x05860000)
  from space 1024K,   0% used [0x05860000, 0x05860000, 0x05960000)
  to   space 1024K,   0% used [0x05960000, 0x05960000, 0x05a60000)
 tenured generation   total 21108K, used 12663K [0x0a550000, 0x0b9ed000, 0x15000000)
   the space 21108K,  59% used [0x0a550000, 0x0b1adf90, 0x0b1ae000, 0x0b9ed000)
 Metaspace       used 9387K, capacity 9949K, committed 9984K, reserved 10624K
GC Heap History (10 events):
Event: 1.155 GC heap before
{Heap before GC invocations=4 (full 0):
 def new generation   total 4928K, used 2282K [0x05000000, 0x05550000, 0x0a550000)
  eden space 4416K,  49% used [0x05000000, 0x05226388, 0x05450000)
  from space 512K,  15% used [0x05450000, 0x05464750, 0x054d0000)
  to   space 512K,   0% used [0x054d0000, 0x054d0000, 0x05550000)
 tenured generation   total 10944K, used 5464K [0x0a550000, 0x0b000000, 0x15000000)
   the space 10944K,  49% used [0x0a550000, 0x0aaa61a0, 0x0aaa6200, 0x0b000000)
 Metaspace       used 6550K, capacity 6888K, committed 6912K, reserved 7552K
Event: 1.157 GC heap after
Heap after GC invocations=5 (full 0):
 def new generation   total 4928K, used 217K [0x05000000, 0x05550000, 0x0a550000)
  eden space 4416K,   0% used [0x05000000, 0x05000000, 0x05450000)
  from space 512K,  42% used [0x054d0000, 0x05506578, 0x05550000)
  to   space 512K,   0% used [0x05450000, 0x05450000, 0x054d0000)
 tenured generation   total 10944K, used 5464K [0x0a550000, 0x0b000000, 0x15000000)
   the space 10944K,  49% used [0x0a550000, 0x0aaa61a0, 0x0aaa6200, 0x0b000000)
 Metaspace       used 6550K, capacity 6888K, committed 6912K, reserved 7552K
}
Event: 1.277 GC heap before
{Heap before GC invocations=5 (full 0):
 def new generation   total 4928K, used 4633K [0x05000000, 0x05550000, 0x0a550000)
  eden space 4416K, 100% used [0x05000000, 0x05450000, 0x05450000)
  from space 512K,  42% used [0x054d0000, 0x05506578, 0x05550000)
  to   space 512K,   0% used [0x05450000, 0x05450000, 0x054d0000)
 tenured generation   total 10944K, used 5464K [0x0a550000, 0x0b000000, 0x15000000)
   the space 10944K,  49% used [0x0a550000, 0x0aaa61a0, 0x0aaa6200, 0x0b000000)
 Metaspace       used 6853K, capacity 7193K, committed 7296K, reserved 7552K
Event: 1.282 GC heap after
Heap after GC invocations=6 (full 0):
 def new generation   total 4928K, used 283K [0x05000000, 0x05550000, 0x0a550000)
  eden space 4416K,   0% used [0x05000000, 0x05000000, 0x05450000)
  from space 512K,  55% used [0x05450000, 0x05496c38, 0x054d0000)
  to   space 512K,   0% used [0x054d0000, 0x054d0000, 0x05550000)
 tenured generation   total 10944K, used 8762K [0x0a550000, 0x0b000000, 0x15000000)
   the space 10944K,  80% used [0x0a550000, 0x0addeaa8, 0x0addec00, 0x0b000000)
 Metaspace       used 6853K, capacity 7193K, committed 7296K, reserved 7552K
}
Event: 1.592 GC heap before
{Heap before GC invocations=6 (full 0):
 def new generation   total 4928K, used 4699K [0x05000000, 0x05550000, 0x0a550000)
  eden space 4416K, 100% used [0x05000000, 0x05450000, 0x05450000)
  from space 512K,  55% used [0x05450000, 0x05496c38, 0x054d0000)
  to   space 512K,   0% used [0x054d0000, 0x054d0000, 0x05550000)
 tenured generation   total 10944K, used 8762K [0x0a550000, 0x0b000000, 0x15000000)
   the space 10944K,  80% used [0x0a550000, 0x0addeaa8, 0x0addec00, 0x0b000000)
 Metaspace       used 8294K, capacity 8791K, committed 8832K, reserved 9600K
Event: 1.598 GC heap after
Heap after GC invocations=7 (full 0):
 def new generation   total 4928K, used 512K [0x05000000, 0x05550000, 0x0a550000)
  eden space 4416K,   0% used [0x05000000, 0x05000000, 0x05450000)
  from space 512K, 100% used [0x054d0000, 0x05550000, 0x05550000)
  to   space 512K,   0% used [0x05450000, 0x05450000, 0x054d0000)
 tenured generation   total 10944K, used 9125K [0x0a550000, 0x0b000000, 0x15000000)
   the space 10944K,  83% used [0x0a550000, 0x0ae39590, 0x0ae39600, 0x0b000000)
 Metaspace       used 8294K, capacity 8791K, committed 8832K, reserved 9600K
}
Event: 1.881 GC heap before
{Heap before GC invocations=7 (full 0):
 def new generation   total 4928K, used 4002K [0x05000000, 0x05550000, 0x0a550000)
  eden space 4416K,  79% used [0x05000000, 0x05368a58, 0x05450000)
  from space 512K, 100% used [0x054d0000, 0x05550000, 0x05550000)
  to   space 512K,   0% used [0x05450000, 0x05450000, 0x054d0000)
 tenured generation   total 10944K, used 9125K [0x0a550000, 0x0b000000, 0x15000000)
   the space 10944K,  83% used [0x0a550000, 0x0ae39590, 0x0ae39600, 0x0b000000)
 Metaspace       used 9167K, capacity 9689K, committed 9728K, reserved 10624K
Event: 1.890 GC heap after
Heap after GC invocations=8 (full 0):
 def new generation   total 4928K, used 408K [0x05000000, 0x05550000, 0x0a550000)
  eden space 4416K,   0% used [0x05000000, 0x05000000, 0x05450000)
  from space 512K,  79% used [0x05450000, 0x054b6190, 0x054d0000)
  to   space 512K,   0% used [0x054d0000, 0x054d0000, 0x05550000)
 tenured generation   total 10944K, used 9619K [0x0a550000, 0x0b000000, 0x15000000)
   the space 10944K,  87% used [0x0a550000, 0x0aeb4d38, 0x0aeb4e00, 0x0b000000)
 Metaspace       used 9167K, capacity 9689K, committed 9728K, reserved 10624K
}
Event: 1.930 GC heap before
{Heap before GC invocations=8 (full 0):
 def new generation   total 4928K, used 4487K [0x05000000, 0x05550000, 0x0a550000)
  eden space 4416K,  92% used [0x05000000, 0x053fbb08, 0x05450000)
  from space 512K,  79% used [0x05450000, 0x054b6190, 0x054d0000)
  to   space 512K,   0% used [0x054d0000, 0x054d0000, 0x05550000)
 tenured generation   total 10944K, used 9619K [0x0a550000, 0x0b000000, 0x15000000)
   the space 10944K,  87% used [0x0a550000, 0x0aeb4d38, 0x0aeb4e00, 0x0b000000)
 Metaspace       used 9227K, capacity 9755K, committed 9856K, reserved 10624K
Event: 1.956 GC heap after
Heap after GC invocations=9 (full 1):
 def new generation   total 9600K, used 0K [0x05000000, 0x05a60000, 0x0a550000)
  eden space 8576K,   0% used [0x05000000, 0x05000000, 0x05860000)
  from space 1024K,   0% used [0x05860000, 0x05860000, 0x05960000)
  to   space 1024K,   0% used [0x05960000, 0x05960000, 0x05a60000)
 tenured generation   total 21108K, used 12663K [0x0a550000, 0x0b9ed000, 0x15000000)
   the space 21108K,  59% used [0x0a550000, 0x0b1adf90, 0x0b1ae000, 0x0b9ed000)
 Metaspace       used 9227K, capacity 9755K, committed 9856K, reserved 10624K
}

