# JRE version: Java(TM) SE Runtime Environment (8.0_181-b13) (build 1.8.0_181-b13)
# Java VM: Java HotSpot(TM) Client VM (25.181-b13 mixed mode windows-x86 )
Heap:
 def new generation   total 8128K, used 4497K [0x04600000, 0x04ed0000, 0x09b50000)
  eden space 7232K,  62% used [0x04600000, 0x04a646e8, 0x04d10000)
  from space 896K,   0% used [0x04d10000, 0x04d10000, 0x04df0000)
  to   space 896K,   0% used [0x04df0000, 0x04df0000, 0x04ed0000)
 tenured generation   total 17952K, used 10770K [0x09b50000, 0x0acd8000, 0x14600000)
   the space 17952K,  59% used [0x09b50000, 0x0a5d4800, 0x0a5d4800, 0x0acd8000)
 Metaspace       used 9345K, capacity 9917K, committed 9984K, reserved 10624K
GC Heap History (10 events):
Event: 1.008 GC heap before
{Heap before GC invocations=3 (full 0):
 def new generation   total 4928K, used 4928K [0x04600000, 0x04b50000, 0x09b50000)
  eden space 4416K, 100% used [0x04600000, 0x04a50000, 0x04a50000)
  from space 512K, 100% used [0x04ad0000, 0x04b50000, 0x04b50000)
  to   space 512K,   0% used [0x04a50000, 0x04a50000, 0x04ad0000)
 tenured generation   total 10944K, used 1665K [0x09b50000, 0x0a600000, 0x14600000)
   the space 10944K,  15% used [0x09b50000, 0x09cf05c0, 0x09cf0600, 0x0a600000)
 Metaspace       used 5921K, capacity 6272K, committed 6400K, reserved 6528K
Event: 1.014 GC heap after
Heap after GC invocations=4 (full 0):
 def new generation   total 4928K, used 80K [0x04600000, 0x04b50000, 0x09b50000)
  eden space 4416K,   0% used [0x04600000, 0x04600000, 0x04a50000)
  from space 512K,  15% used [0x04a50000, 0x04a642d0, 0x04ad0000)
  to   space 512K,   0% used [0x04ad0000, 0x04ad0000, 0x04b50000)
 tenured generation   total 10944K, used 5470K [0x09b50000, 0x0a600000, 0x14600000)
   the space 10944K,  49% used [0x09b50000, 0x0a0a7818, 0x0a0a7a00, 0x0a600000)
 Metaspace       used 5921K, capacity 6272K, committed 6400K, reserved 6528K
}
Event: 1.329 GC heap before
{Heap before GC invocations=4 (full 0):
 def new generation   total 4928K, used 4496K [0x04600000, 0x04b50000, 0x09b50000)
  eden space 4416K, 100% used [0x04600000, 0x04a50000, 0x04a50000)
  from space 512K,  15% used [0x04a50000, 0x04a642d0, 0x04ad0000)
  to   space 512K,   0% used [0x04ad0000, 0x04ad0000, 0x04b50000)
 tenured generation   total 10944K, used 5470K [0x09b50000, 0x0a600000, 0x14600000)
   the space 10944K,  49% used [0x09b50000, 0x0a0a7818, 0x0a0a7a00, 0x0a600000)
 Metaspace       used 7205K, capacity 7606K, committed 7680K, reserved 8576K
Event: 1.333 GC heap after
Heap after GC invocations=5 (full 0):
 def new generation   total 4928K, used 359K [0x04600000, 0x04b50000, 0x09b50000)
  eden space 4416K,   0% used [0x04600000, 0x04600000, 0x04a50000)
  from space 512K,  70% used [0x04ad0000, 0x04b29c90, 0x04b50000)
  to   space 512K,   0% used [0x04a50000, 0x04a50000, 0x04ad0000)
 tenured generation   total 10944K, used 5470K [0x09b50000, 0x0a600000, 0x14600000)
   the space 10944K,  49% used [0x09b50000, 0x0a0a7818, 0x0a0a7a00, 0x0a600000)
 Metaspace       used 7205K, capacity 7606K, committed 7680K, reserved 8576K
}
Event: 1.579 GC heap before
{Heap before GC invocations=5 (full 0):
 def new generation   total 4928K, used 4775K [0x04600000, 0x04b50000, 0x09b50000)
  eden space 4416K, 100% used [0x04600000, 0x04a50000, 0x04a50000)
  from space 512K,  70% used [0x04ad0000, 0x04b29c90, 0x04b50000)
  to   space 512K,   0% used [0x04a50000, 0x04a50000, 0x04ad0000)
 tenured generation   total 10944K, used 5470K [0x09b50000, 0x0a600000, 0x14600000)
   the space 10944K,  49% used [0x09b50000, 0x0a0a7818, 0x0a0a7a00, 0x0a600000)
 Metaspace       used 8586K, capacity 9092K, committed 9216K, reserved 9600K
Event: 1.584 GC heap after
Heap after GC invocations=6 (full 0):
 def new generation   total 4928K, used 512K [0x04600000, 0x04b50000, 0x09b50000)
  eden space 4416K,   0% used [0x04600000, 0x04600000, 0x04a50000)
  from space 512K, 100% used [0x04a50000, 0x04ad0000, 0x04ad0000)
  to   space 512K,   0% used [0x04ad0000, 0x04ad0000, 0x04b50000)
 tenured generation   total 10944K, used 5861K [0x09b50000, 0x0a600000, 0x14600000)
   the space 10944K,  53% used [0x09b50000, 0x0a109408, 0x0a109600, 0x0a600000)
 Metaspace       used 8586K, capacity 9092K, committed 9216K, reserved 9600K
}
Event: 1.866 GC heap before
{Heap before GC invocations=6 (full 0):
 def new generation   total 4928K, used 4010K [0x04600000, 0x04b50000, 0x09b50000)
  eden space 4416K,  79% used [0x04600000, 0x0496ab88, 0x04a50000)
  from space 512K, 100% used [0x04a50000, 0x04ad0000, 0x04ad0000)
  to   space 512K,   0% used [0x04ad0000, 0x04ad0000, 0x04b50000)
 tenured generation   total 10944K, used 5861K [0x09b50000, 0x0a600000, 0x14600000)
   the space 10944K,  53% used [0x09b50000, 0x0a109408, 0x0a109600, 0x0a600000)
 Metaspace       used 9222K, capacity 9755K, committed 9856K, reserved 10624K
Event: 1.873 GC heap after
Heap after GC invocations=7 (full 0):
 def new generation   total 4928K, used 292K [0x04600000, 0x04b50000, 0x09b50000)
  eden space 4416K,   0% used [0x04600000, 0x04600000, 0x04a50000)
  from space 512K,  57% used [0x04ad0000, 0x04b19080, 0x04b50000)
  to   space 512K,   0% used [0x04a50000, 0x04a50000, 0x04ad0000)
 tenured generation   total 10944K, used 7392K [0x09b50000, 0x0a600000, 0x14600000)
   the space 10944K,  67% used [0x09b50000, 0x0a288058, 0x0a288200, 0x0a600000)
 Metaspace       used 9222K, capacity 9755K, committed 9856K, reserved 10624K
}
Event: 2.853 GC heap before
{Heap before GC invocations=7 (full 0):
 def new generation   total 4928K, used 4708K [0x04600000, 0x04b50000, 0x09b50000)
  eden space 4416K, 100% used [0x04600000, 0x04a50000, 0x04a50000)
  from space 512K,  57% used [0x04ad0000, 0x04b19080, 0x04b50000)
  to   space 512K,   0% used [0x04a50000, 0x04a50000, 0x04ad0000)
 tenured generation   total 10944K, used 7392K [0x09b50000, 0x0a600000, 0x14600000)
   the space 10944K,  67% used [0x09b50000, 0x0a288058, 0x0a288200, 0x0a600000)
 Metaspace       used 9273K, capacity 9817K, committed 9856K, reserved 10624K
Event: 2.878 GC heap after
Heap after GC invocations=8 (full 1):
 def new generation   total 8128K, used 0K [0x04600000, 0x04ed0000, 0x09b50000)
  eden space 7232K,   0% used [0x04600000, 0x04600000, 0x04d10000)
  from space 896K,   0% used [0x04d10000, 0x04d10000, 0x04df0000)
  to   space 896K,   0% used [0x04df0000, 0x04df0000, 0x04ed0000)
 tenured generation   total 17952K, used 10770K [0x09b50000, 0x0acd8000, 0x14600000)
   the space 17952K,  59% used [0x09b50000, 0x0a5d4800, 0x0a5d4800, 0x0acd8000)
 Metaspace       used 9273K, capacity 9817K, committed 9856K, reserved 10624K
}

