# JRE version: Java(TM) SE Runtime Environment (8.0_181-b13) (build 1.8.0_181-b13)
# Java VM: Java HotSpot(TM) Client VM (25.181-b13 mixed mode windows-x86 )
Heap:
 def new generation   total 8128K, used 4461K [0x05400000, 0x05cd0000, 0x0a950000)
  eden space 7232K,  61% used [0x05400000, 0x0585b558, 0x05b10000)
  from space 896K,   0% used [0x05b10000, 0x05b10000, 0x05bf0000)
  to   space 896K,   0% used [0x05bf0000, 0x05bf0000, 0x05cd0000)
 tenured generation   total 17948K, used 10767K [0x0a950000, 0x0bad7000, 0x15400000)
   the space 17948K,  59% used [0x0a950000, 0x0b3d3e70, 0x0b3d4000, 0x0bad7000)
 Metaspace       used 9346K, capacity 9917K, committed 9984K, reserved 10624K
GC Heap History (10 events):
Event: 0.992 GC heap before
{Heap before GC invocations=3 (full 0):
 def new generation   total 4928K, used 4928K [0x05400000, 0x05950000, 0x0a950000)
  eden space 4416K, 100% used [0x05400000, 0x05850000, 0x05850000)
  from space 512K, 100% used [0x058d0000, 0x05950000, 0x05950000)
  to   space 512K,   0% used [0x05850000, 0x05850000, 0x058d0000)
 tenured generation   total 10944K, used 1664K [0x0a950000, 0x0b400000, 0x15400000)
   the space 10944K,  15% used [0x0a950000, 0x0aaf00e8, 0x0aaf0200, 0x0b400000)
 Metaspace       used 5911K, capacity 6272K, committed 6400K, reserved 6528K
Event: 0.998 GC heap after
Heap after GC invocations=4 (full 0):
 def new generation   total 4928K, used 81K [0x05400000, 0x05950000, 0x0a950000)
  eden space 4416K,   0% used [0x05400000, 0x05400000, 0x05850000)
  from space 512K,  15% used [0x05850000, 0x05864548, 0x058d0000)
  to   space 512K,   0% used [0x058d0000, 0x058d0000, 0x05950000)
 tenured generation   total 10944K, used 5464K [0x0a950000, 0x0b400000, 0x15400000)
   the space 10944K,  49% used [0x0a950000, 0x0aea6240, 0x0aea6400, 0x0b400000)
 Metaspace       used 5911K, capacity 6272K, committed 6400K, reserved 6528K
}
Event: 1.311 GC heap before
{Heap before GC invocations=4 (full 0):
 def new generation   total 4928K, used 4497K [0x05400000, 0x05950000, 0x0a950000)
  eden space 4416K, 100% used [0x05400000, 0x05850000, 0x05850000)
  from space 512K,  15% used [0x05850000, 0x05864548, 0x058d0000)
  to   space 512K,   0% used [0x058d0000, 0x058d0000, 0x05950000)
 tenured generation   total 10944K, used 5464K [0x0a950000, 0x0b400000, 0x15400000)
   the space 10944K,  49% used [0x0a950000, 0x0aea6240, 0x0aea6400, 0x0b400000)
 Metaspace       used 7197K, capacity 7586K, committed 7680K, reserved 8576K
Event: 1.315 GC heap after
Heap after GC invocations=5 (full 0):
 def new generation   total 4928K, used 360K [0x05400000, 0x05950000, 0x0a950000)
  eden space 4416K,   0% used [0x05400000, 0x05400000, 0x05850000)
  from space 512K,  70% used [0x058d0000, 0x0592a218, 0x05950000)
  to   space 512K,   0% used [0x05850000, 0x05850000, 0x058d0000)
 tenured generation   total 10944K, used 5464K [0x0a950000, 0x0b400000, 0x15400000)
   the space 10944K,  49% used [0x0a950000, 0x0aea6240, 0x0aea6400, 0x0b400000)
 Metaspace       used 7197K, capacity 7586K, committed 7680K, reserved 8576K
}
Event: 1.540 GC heap before
{Heap before GC invocations=5 (full 0):
 def new generation   total 4928K, used 4776K [0x05400000, 0x05950000, 0x0a950000)
  eden space 4416K, 100% used [0x05400000, 0x05850000, 0x05850000)
  from space 512K,  70% used [0x058d0000, 0x0592a218, 0x05950000)
  to   space 512K,   0% used [0x05850000, 0x05850000, 0x058d0000)
 tenured generation   total 10944K, used 5464K [0x0a950000, 0x0b400000, 0x15400000)
   the space 10944K,  49% used [0x0a950000, 0x0aea6240, 0x0aea6400, 0x0b400000)
 Metaspace       used 8568K, capacity 9060K, committed 9088K, reserved 9600K
Event: 1.545 GC heap after
Heap after GC invocations=6 (full 0):
 def new generation   total 4928K, used 512K [0x05400000, 0x05950000, 0x0a950000)
  eden space 4416K,   0% used [0x05400000, 0x05400000, 0x05850000)
  from space 512K, 100% used [0x05850000, 0x058d0000, 0x058d0000)
  to   space 512K,   0% used [0x058d0000, 0x058d0000, 0x05950000)
 tenured generation   total 10944K, used 5854K [0x0a950000, 0x0b400000, 0x15400000)
   the space 10944K,  53% used [0x0a950000, 0x0af07b78, 0x0af07c00, 0x0b400000)
 Metaspace       used 8568K, capacity 9060K, committed 9088K, reserved 9600K
}
Event: 1.815 GC heap before
{Heap before GC invocations=6 (full 0):
 def new generation   total 4928K, used 4105K [0x05400000, 0x05950000, 0x0a950000)
  eden space 4416K,  81% used [0x05400000, 0x05782560, 0x05850000)
  from space 512K, 100% used [0x05850000, 0x058d0000, 0x058d0000)
  to   space 512K,   0% used [0x058d0000, 0x058d0000, 0x05950000)
 tenured generation   total 10944K, used 5854K [0x0a950000, 0x0b400000, 0x15400000)
   the space 10944K,  53% used [0x0a950000, 0x0af07b78, 0x0af07c00, 0x0b400000)
 Metaspace       used 9222K, capacity 9755K, committed 9856K, reserved 10624K
Event: 1.826 GC heap after
Heap after GC invocations=7 (full 0):
 def new generation   total 4928K, used 294K [0x05400000, 0x05950000, 0x0a950000)
  eden space 4416K,   0% used [0x05400000, 0x05400000, 0x05850000)
  from space 512K,  57% used [0x058d0000, 0x05919938, 0x05950000)
  to   space 512K,   0% used [0x05850000, 0x05850000, 0x058d0000)
 tenured generation   total 10944K, used 7387K [0x0a950000, 0x0b400000, 0x15400000)
   the space 10944K,  67% used [0x0a950000, 0x0b086d30, 0x0b086e00, 0x0b400000)
 Metaspace       used 9222K, capacity 9755K, committed 9856K, reserved 10624K
}
Event: 8.392 GC heap before
{Heap before GC invocations=7 (full 0):
 def new generation   total 4928K, used 4710K [0x05400000, 0x05950000, 0x0a950000)
  eden space 4416K, 100% used [0x05400000, 0x05850000, 0x05850000)
  from space 512K,  57% used [0x058d0000, 0x05919938, 0x05950000)
  to   space 512K,   0% used [0x05850000, 0x05850000, 0x058d0000)
 tenured generation   total 10944K, used 7387K [0x0a950000, 0x0b400000, 0x15400000)
   the space 10944K,  67% used [0x0a950000, 0x0b086d30, 0x0b086e00, 0x0b400000)
 Metaspace       used 9273K, capacity 9817K, committed 9856K, reserved 10624K
Event: 8.417 GC heap after
Heap after GC invocations=8 (full 1):
 def new generation   total 8128K, used 0K [0x05400000, 0x05cd0000, 0x0a950000)
  eden space 7232K,   0% used [0x05400000, 0x05400000, 0x05b10000)
  from space 896K,   0% used [0x05b10000, 0x05b10000, 0x05bf0000)
  to   space 896K,   0% used [0x05bf0000, 0x05bf0000, 0x05cd0000)
 tenured generation   total 17948K, used 10767K [0x0a950000, 0x0bad7000, 0x15400000)
   the space 17948K,  59% used [0x0a950000, 0x0b3d3e70, 0x0b3d4000, 0x0bad7000)
 Metaspace       used 9273K, capacity 9817K, committed 9856K, reserved 10624K
}

