# JRE version: Java(TM) SE Runtime Environment (8.0_181-b13) (build 1.8.0_181-b13)
# Java VM: Java HotSpot(TM) Client VM (25.181-b13 mixed mode windows-x86 )
Heap:
 def new generation   total 9920K, used 694K [0x04a00000, 0x054c0000, 0x09f50000)
  eden space 8832K,   7% used [0x04a00000, 0x04aada50, 0x052a0000)
  from space 1088K,   0% used [0x052a0000, 0x052a0000, 0x053b0000)
  to   space 1088K,   0% used [0x053b0000, 0x053b0000, 0x054c0000)
 tenured generation   total 21956K, used 13171K [0x09f50000, 0x0b4c1000, 0x14a00000)
   the space 21956K,  59% used [0x09f50000, 0x0ac2ce18, 0x0ac2d000, 0x0b4c1000)
 Metaspace       used 8807K, capacity 9325K, committed 9344K, reserved 9600K
GC Heap History (10 events):
Event: 1.206 GC heap before
{Heap before GC invocations=4 (full 0):
 def new generation   total 4928K, used 2424K [0x04a00000, 0x04f50000, 0x09f50000)
  eden space 4416K,  53% used [0x04a00000, 0x04c4a1d0, 0x04e50000)
  from space 512K,  15% used [0x04e50000, 0x04e64160, 0x04ed0000)
  to   space 512K,   0% used [0x04ed0000, 0x04ed0000, 0x04f50000)
 tenured generation   total 10944K, used 5466K [0x09f50000, 0x0aa00000, 0x14a00000)
   the space 10944K,  49% used [0x09f50000, 0x0a4a6bf0, 0x0a4a6c00, 0x0aa00000)
 Metaspace       used 6612K, capacity 6954K, committed 7040K, reserved 7552K
Event: 1.208 GC heap after
Heap after GC invocations=5 (full 0):
 def new generation   total 4928K, used 228K [0x04a00000, 0x04f50000, 0x09f50000)
  eden space 4416K,   0% used [0x04a00000, 0x04a00000, 0x04e50000)
  from space 512K,  44% used [0x04ed0000, 0x04f091c8, 0x04f50000)
  to   space 512K,   0% used [0x04e50000, 0x04e50000, 0x04ed0000)
 tenured generation   total 10944K, used 5466K [0x09f50000, 0x0aa00000, 0x14a00000)
   the space 10944K,  49% used [0x09f50000, 0x0a4a6bf0, 0x0a4a6c00, 0x0aa00000)
 Metaspace       used 6612K, capacity 6954K, committed 7040K, reserved 7552K
}
Event: 1.374 GC heap before
{Heap before GC invocations=5 (full 0):
 def new generation   total 4928K, used 4644K [0x04a00000, 0x04f50000, 0x09f50000)
  eden space 4416K, 100% used [0x04a00000, 0x04e50000, 0x04e50000)
  from space 512K,  44% used [0x04ed0000, 0x04f091c8, 0x04f50000)
  to   space 512K,   0% used [0x04e50000, 0x04e50000, 0x04ed0000)
 tenured generation   total 10944K, used 5466K [0x09f50000, 0x0aa00000, 0x14a00000)
   the space 10944K,  49% used [0x09f50000, 0x0a4a6bf0, 0x0a4a6c00, 0x0aa00000)
 Metaspace       used 6915K, capacity 7260K, committed 7296K, reserved 7552K
Event: 1.378 GC heap after
Heap after GC invocations=6 (full 0):
 def new generation   total 4928K, used 297K [0x04a00000, 0x04f50000, 0x09f50000)
  eden space 4416K,   0% used [0x04a00000, 0x04a00000, 0x04e50000)
  from space 512K,  58% used [0x04e50000, 0x04e9a628, 0x04ed0000)
  to   space 512K,   0% used [0x04ed0000, 0x04ed0000, 0x04f50000)
 tenured generation   total 10944K, used 8765K [0x09f50000, 0x0aa00000, 0x14a00000)
   the space 10944K,  80% used [0x09f50000, 0x0a7df4f8, 0x0a7df600, 0x0aa00000)
 Metaspace       used 6915K, capacity 7260K, committed 7296K, reserved 7552K
}
Event: 1.621 GC heap before
{Heap before GC invocations=6 (full 0):
 def new generation   total 4928K, used 4713K [0x04a00000, 0x04f50000, 0x09f50000)
  eden space 4416K, 100% used [0x04a00000, 0x04e50000, 0x04e50000)
  from space 512K,  58% used [0x04e50000, 0x04e9a628, 0x04ed0000)
  to   space 512K,   0% used [0x04ed0000, 0x04ed0000, 0x04f50000)
 tenured generation   total 10944K, used 8765K [0x09f50000, 0x0aa00000, 0x14a00000)
   the space 10944K,  80% used [0x09f50000, 0x0a7df4f8, 0x0a7df600, 0x0aa00000)
 Metaspace       used 8011K, capacity 8393K, committed 8448K, reserved 8576K
Event: 1.625 GC heap after
Heap after GC invocations=7 (full 0):
 def new generation   total 4928K, used 512K [0x04a00000, 0x04f50000, 0x09f50000)
  eden space 4416K,   0% used [0x04a00000, 0x04a00000, 0x04e50000)
  from space 512K, 100% used [0x04ed0000, 0x04f50000, 0x04f50000)
  to   space 512K,   0% used [0x04e50000, 0x04e50000, 0x04ed0000)
 tenured generation   total 10944K, used 8899K [0x09f50000, 0x0aa00000, 0x14a00000)
   the space 10944K,  81% used [0x09f50000, 0x0a800f38, 0x0a801000, 0x0aa00000)
 Metaspace       used 8011K, capacity 8393K, committed 8448K, reserved 8576K
}
Event: 1.906 GC heap before
{Heap before GC invocations=7 (full 0):
 def new generation   total 4928K, used 4021K [0x04a00000, 0x04f50000, 0x09f50000)
  eden space 4416K,  79% used [0x04a00000, 0x04d6d5e8, 0x04e50000)
  from space 512K, 100% used [0x04ed0000, 0x04f50000, 0x04f50000)
  to   space 512K,   0% used [0x04e50000, 0x04e50000, 0x04ed0000)
 tenured generation   total 10944K, used 8899K [0x09f50000, 0x0aa00000, 0x14a00000)
   the space 10944K,  81% used [0x09f50000, 0x0a800f38, 0x0a801000, 0x0aa00000)
 Metaspace       used 8657K, capacity 9126K, committed 9216K, reserved 9600K
Event: 1.914 GC heap after
Heap after GC invocations=8 (full 0):
 def new generation   total 4928K, used 291K [0x04a00000, 0x04f50000, 0x09f50000)
  eden space 4416K,   0% used [0x04a00000, 0x04a00000, 0x04e50000)
  from space 512K,  56% used [0x04e50000, 0x04e98db0, 0x04ed0000)
  to   space 512K,   0% used [0x04ed0000, 0x04ed0000, 0x04f50000)
 tenured generation   total 10944K, used 10429K [0x09f50000, 0x0aa00000, 0x14a00000)
   the space 10944K,  95% used [0x09f50000, 0x0a97f438, 0x0a97f600, 0x0aa00000)
 Metaspace       used 8657K, capacity 9126K, committed 9216K, reserved 9600K
}
Event: 4.309 GC heap before
{Heap before GC invocations=8 (full 0):
 def new generation   total 4928K, used 4707K [0x04a00000, 0x04f50000, 0x09f50000)
  eden space 4416K, 100% used [0x04a00000, 0x04e50000, 0x04e50000)
  from space 512K,  56% used [0x04e50000, 0x04e98db0, 0x04ed0000)
  to   space 512K,   0% used [0x04ed0000, 0x04ed0000, 0x04f50000)
 tenured generation   total 10944K, used 10429K [0x09f50000, 0x0aa00000, 0x14a00000)
   the space 10944K,  95% used [0x09f50000, 0x0a97f438, 0x0a97f600, 0x0aa00000)
 Metaspace       used 8769K, capacity 9260K, committed 9344K, reserved 9600K
Event: 4.336 GC heap after
Heap after GC invocations=9 (full 1):
 def new generation   total 9920K, used 0K [0x04a00000, 0x054c0000, 0x09f50000)
  eden space 8832K,   0% used [0x04a00000, 0x04a00000, 0x052a0000)
  from space 1088K,   0% used [0x052a0000, 0x052a0000, 0x053b0000)
  to   space 1088K,   0% used [0x053b0000, 0x053b0000, 0x054c0000)
 tenured generation   total 21956K, used 13171K [0x09f50000, 0x0b4c1000, 0x14a00000)
   the space 21956K,  59% used [0x09f50000, 0x0ac2ce18, 0x0ac2d000, 0x0b4c1000)
 Metaspace       used 8769K, capacity 9260K, committed 9344K, reserved 9600K
}

