# JRE version: Java(TM) SE Runtime Environment (8.0_181-b13) (build 1.8.0_181-b13)
# Java VM: Java HotSpot(TM) Client VM (25.181-b13 mixed mode windows-x86 )
Heap:
 def new generation   total 8128K, used 4509K [0x04a00000, 0x052d0000, 0x09f50000)
  eden space 7232K,  62% used [0x04a00000, 0x04e67528, 0x05110000)
  from space 896K,   0% used [0x05110000, 0x05110000, 0x051f0000)
  to   space 896K,   0% used [0x051f0000, 0x051f0000, 0x052d0000)
 tenured generation   total 17948K, used 10767K [0x09f50000, 0x0b0d7000, 0x14a00000)
   the space 17948K,  59% used [0x09f50000, 0x0a9d3ef8, 0x0a9d4000, 0x0b0d7000)
 Metaspace       used 9346K, capacity 9917K, committed 9984K, reserved 10624K
GC Heap History (10 events):
Event: 0.998 GC heap before
{Heap before GC invocations=3 (full 0):
 def new generation   total 4928K, used 4928K [0x04a00000, 0x04f50000, 0x09f50000)
  eden space 4416K, 100% used [0x04a00000, 0x04e50000, 0x04e50000)
  from space 512K, 100% used [0x04ed0000, 0x04f50000, 0x04f50000)
  to   space 512K,   0% used [0x04e50000, 0x04e50000, 0x04ed0000)
 tenured generation   total 10944K, used 1661K [0x09f50000, 0x0aa00000, 0x14a00000)
   the space 10944K,  15% used [0x09f50000, 0x0a0ef688, 0x0a0ef800, 0x0aa00000)
 Metaspace       used 5915K, capacity 6272K, committed 6400K, reserved 6528K
Event: 1.004 GC heap after
Heap after GC invocations=4 (full 0):
 def new generation   total 4928K, used 81K [0x04a00000, 0x04f50000, 0x09f50000)
  eden space 4416K,   0% used [0x04a00000, 0x04a00000, 0x04e50000)
  from space 512K,  15% used [0x04e50000, 0x04e646c0, 0x04ed0000)
  to   space 512K,   0% used [0x04ed0000, 0x04ed0000, 0x04f50000)
 tenured generation   total 10944K, used 5465K [0x09f50000, 0x0aa00000, 0x14a00000)
   the space 10944K,  49% used [0x09f50000, 0x0a4a6790, 0x0a4a6800, 0x0aa00000)
 Metaspace       used 5915K, capacity 6272K, committed 6400K, reserved 6528K
}
Event: 1.315 GC heap before
{Heap before GC invocations=4 (full 0):
 def new generation   total 4928K, used 4497K [0x04a00000, 0x04f50000, 0x09f50000)
  eden space 4416K, 100% used [0x04a00000, 0x04e50000, 0x04e50000)
  from space 512K,  15% used [0x04e50000, 0x04e646c0, 0x04ed0000)
  to   space 512K,   0% used [0x04ed0000, 0x04ed0000, 0x04f50000)
 tenured generation   total 10944K, used 5465K [0x09f50000, 0x0aa00000, 0x14a00000)
   the space 10944K,  49% used [0x09f50000, 0x0a4a6790, 0x0a4a6800, 0x0aa00000)
 Metaspace       used 7201K, capacity 7593K, committed 7680K, reserved 8576K
Event: 1.319 GC heap after
Heap after GC invocations=5 (full 0):
 def new generation   total 4928K, used 360K [0x04a00000, 0x04f50000, 0x09f50000)
  eden space 4416K,   0% used [0x04a00000, 0x04a00000, 0x04e50000)
  from space 512K,  70% used [0x04ed0000, 0x04f2a190, 0x04f50000)
  to   space 512K,   0% used [0x04e50000, 0x04e50000, 0x04ed0000)
 tenured generation   total 10944K, used 5465K [0x09f50000, 0x0aa00000, 0x14a00000)
   the space 10944K,  49% used [0x09f50000, 0x0a4a6790, 0x0a4a6800, 0x0aa00000)
 Metaspace       used 7201K, capacity 7593K, committed 7680K, reserved 8576K
}
Event: 1.551 GC heap before
{Heap before GC invocations=5 (full 0):
 def new generation   total 4928K, used 4776K [0x04a00000, 0x04f50000, 0x09f50000)
  eden space 4416K, 100% used [0x04a00000, 0x04e50000, 0x04e50000)
  from space 512K,  70% used [0x04ed0000, 0x04f2a190, 0x04f50000)
  to   space 512K,   0% used [0x04e50000, 0x04e50000, 0x04ed0000)
 tenured generation   total 10944K, used 5465K [0x09f50000, 0x0aa00000, 0x14a00000)
   the space 10944K,  49% used [0x09f50000, 0x0a4a6790, 0x0a4a6800, 0x0aa00000)
 Metaspace       used 8575K, capacity 9060K, committed 9088K, reserved 9600K
Event: 1.556 GC heap after
Heap after GC invocations=6 (full 0):
 def new generation   total 4928K, used 512K [0x04a00000, 0x04f50000, 0x09f50000)
  eden space 4416K,   0% used [0x04a00000, 0x04a00000, 0x04e50000)
  from space 512K, 100% used [0x04e50000, 0x04ed0000, 0x04ed0000)
  to   space 512K,   0% used [0x04ed0000, 0x04ed0000, 0x04f50000)
 tenured generation   total 10944K, used 5855K [0x09f50000, 0x0aa00000, 0x14a00000)
   the space 10944K,  53% used [0x09f50000, 0x0a507fb8, 0x0a508000, 0x0aa00000)
 Metaspace       used 8575K, capacity 9060K, committed 9088K, reserved 9600K
}
Event: 1.832 GC heap before
{Heap before GC invocations=6 (full 0):
 def new generation   total 4928K, used 4095K [0x04a00000, 0x04f50000, 0x09f50000)
  eden space 4416K,  81% used [0x04a00000, 0x04d7fe10, 0x04e50000)
  from space 512K, 100% used [0x04e50000, 0x04ed0000, 0x04ed0000)
  to   space 512K,   0% used [0x04ed0000, 0x04ed0000, 0x04f50000)
 tenured generation   total 10944K, used 5855K [0x09f50000, 0x0aa00000, 0x14a00000)
   the space 10944K,  53% used [0x09f50000, 0x0a507fb8, 0x0a508000, 0x0aa00000)
 Metaspace       used 9223K, capacity 9755K, committed 9856K, reserved 10624K
Event: 1.844 GC heap after
Heap after GC invocations=7 (full 0):
 def new generation   total 4928K, used 293K [0x04a00000, 0x04f50000, 0x09f50000)
  eden space 4416K,   0% used [0x04a00000, 0x04a00000, 0x04e50000)
  from space 512K,  57% used [0x04ed0000, 0x04f19678, 0x04f50000)
  to   space 512K,   0% used [0x04e50000, 0x04e50000, 0x04ed0000)
 tenured generation   total 10944K, used 7388K [0x09f50000, 0x0aa00000, 0x14a00000)
   the space 10944K,  67% used [0x09f50000, 0x0a687000, 0x0a687000, 0x0aa00000)
 Metaspace       used 9223K, capacity 9755K, committed 9856K, reserved 10624K
}
Event: 2.616 GC heap before
{Heap before GC invocations=7 (full 0):
 def new generation   total 4928K, used 4709K [0x04a00000, 0x04f50000, 0x09f50000)
  eden space 4416K, 100% used [0x04a00000, 0x04e50000, 0x04e50000)
  from space 512K,  57% used [0x04ed0000, 0x04f19678, 0x04f50000)
  to   space 512K,   0% used [0x04e50000, 0x04e50000, 0x04ed0000)
 tenured generation   total 10944K, used 7388K [0x09f50000, 0x0aa00000, 0x14a00000)
   the space 10944K,  67% used [0x09f50000, 0x0a687000, 0x0a687000, 0x0aa00000)
 Metaspace       used 9274K, capacity 9817K, committed 9856K, reserved 10624K
Event: 2.642 GC heap after
Heap after GC invocations=8 (full 1):
 def new generation   total 8128K, used 0K [0x04a00000, 0x052d0000, 0x09f50000)
  eden space 7232K,   0% used [0x04a00000, 0x04a00000, 0x05110000)
  from space 896K,   0% used [0x05110000, 0x05110000, 0x051f0000)
  to   space 896K,   0% used [0x051f0000, 0x051f0000, 0x052d0000)
 tenured generation   total 17948K, used 10767K [0x09f50000, 0x0b0d7000, 0x14a00000)
   the space 17948K,  59% used [0x09f50000, 0x0a9d3ef8, 0x0a9d4000, 0x0b0d7000)
 Metaspace       used 9274K, capacity 9817K, committed 9856K, reserved 10624K
}

