# JRE version: Java(TM) SE Runtime Environment (8.0_181-b13) (build 1.8.0_181-b13)
# Java VM: Java HotSpot(TM) Client VM (25.181-b13 mixed mode windows-x86 )
Heap:
 def new generation   total 8128K, used 5036K [0x04c00000, 0x054d0000, 0x0a150000)
  eden space 7232K,  69% used [0x04c00000, 0x050eb1d8, 0x05310000)
  from space 896K,   0% used [0x05310000, 0x05310000, 0x053f0000)
  to   space 896K,   0% used [0x053f0000, 0x053f0000, 0x054d0000)
 tenured generation   total 17948K, used 10767K [0x0a150000, 0x0b2d7000, 0x14c00000)
   the space 17948K,  59% used [0x0a150000, 0x0abd3d88, 0x0abd3e00, 0x0b2d7000)
 Metaspace       used 9395K, capacity 10018K, committed 10112K, reserved 10624K
GC Heap History (10 events):
Event: 1.007 GC heap before
{Heap before GC invocations=3 (full 0):
 def new generation   total 4928K, used 4928K [0x04c00000, 0x05150000, 0x0a150000)
  eden space 4416K, 100% used [0x04c00000, 0x05050000, 0x05050000)
  from space 512K, 100% used [0x050d0000, 0x05150000, 0x05150000)
  to   space 512K,   0% used [0x05050000, 0x05050000, 0x050d0000)
 tenured generation   total 10944K, used 1660K [0x0a150000, 0x0ac00000, 0x14c00000)
   the space 10944K,  15% used [0x0a150000, 0x0a2ef2f0, 0x0a2ef400, 0x0ac00000)
 Metaspace       used 5915K, capacity 6272K, committed 6400K, reserved 6528K
Event: 1.013 GC heap after
Heap after GC invocations=4 (full 0):
 def new generation   total 4928K, used 80K [0x04c00000, 0x05150000, 0x0a150000)
  eden space 4416K,   0% used [0x04c00000, 0x04c00000, 0x05050000)
  from space 512K,  15% used [0x05050000, 0x05064310, 0x050d0000)
  to   space 512K,   0% used [0x050d0000, 0x050d0000, 0x05150000)
 tenured generation   total 10944K, used 5465K [0x0a150000, 0x0ac00000, 0x14c00000)
   the space 10944K,  49% used [0x0a150000, 0x0a6a6748, 0x0a6a6800, 0x0ac00000)
 Metaspace       used 5915K, capacity 6272K, committed 6400K, reserved 6528K
}
Event: 1.325 GC heap before
{Heap before GC invocations=4 (full 0):
 def new generation   total 4928K, used 4496K [0x04c00000, 0x05150000, 0x0a150000)
  eden space 4416K, 100% used [0x04c00000, 0x05050000, 0x05050000)
  from space 512K,  15% used [0x05050000, 0x05064310, 0x050d0000)
  to   space 512K,   0% used [0x050d0000, 0x050d0000, 0x05150000)
 tenured generation   total 10944K, used 5465K [0x0a150000, 0x0ac00000, 0x14c00000)
   the space 10944K,  49% used [0x0a150000, 0x0a6a6748, 0x0a6a6800, 0x0ac00000)
 Metaspace       used 7200K, capacity 7593K, committed 7680K, reserved 8576K
Event: 1.329 GC heap after
Heap after GC invocations=5 (full 0):
 def new generation   total 4928K, used 357K [0x04c00000, 0x05150000, 0x0a150000)
  eden space 4416K,   0% used [0x04c00000, 0x04c00000, 0x05050000)
  from space 512K,  69% used [0x050d0000, 0x05129610, 0x05150000)
  to   space 512K,   0% used [0x05050000, 0x05050000, 0x050d0000)
 tenured generation   total 10944K, used 5465K [0x0a150000, 0x0ac00000, 0x14c00000)
   the space 10944K,  49% used [0x0a150000, 0x0a6a6748, 0x0a6a6800, 0x0ac00000)
 Metaspace       used 7200K, capacity 7593K, committed 7680K, reserved 8576K
}
Event: 1.555 GC heap before
{Heap before GC invocations=5 (full 0):
 def new generation   total 4928K, used 4773K [0x04c00000, 0x05150000, 0x0a150000)
  eden space 4416K, 100% used [0x04c00000, 0x05050000, 0x05050000)
  from space 512K,  69% used [0x050d0000, 0x05129610, 0x05150000)
  to   space 512K,   0% used [0x05050000, 0x05050000, 0x050d0000)
 tenured generation   total 10944K, used 5465K [0x0a150000, 0x0ac00000, 0x14c00000)
   the space 10944K,  49% used [0x0a150000, 0x0a6a6748, 0x0a6a6800, 0x0ac00000)
 Metaspace       used 8576K, capacity 9060K, committed 9088K, reserved 9600K
Event: 1.561 GC heap after
Heap after GC invocations=6 (full 0):
 def new generation   total 4928K, used 512K [0x04c00000, 0x05150000, 0x0a150000)
  eden space 4416K,   0% used [0x04c00000, 0x04c00000, 0x05050000)
  from space 512K, 100% used [0x05050000, 0x050d0000, 0x050d0000)
  to   space 512K,   0% used [0x050d0000, 0x050d0000, 0x05150000)
 tenured generation   total 10944K, used 5854K [0x0a150000, 0x0ac00000, 0x14c00000)
   the space 10944K,  53% used [0x0a150000, 0x0a707988, 0x0a707a00, 0x0ac00000)
 Metaspace       used 8576K, capacity 9060K, committed 9088K, reserved 9600K
}
Event: 1.835 GC heap before
{Heap before GC invocations=6 (full 0):
 def new generation   total 4928K, used 4094K [0x04c00000, 0x05150000, 0x0a150000)
  eden space 4416K,  81% used [0x04c00000, 0x04f7f960, 0x05050000)
  from space 512K, 100% used [0x05050000, 0x050d0000, 0x050d0000)
  to   space 512K,   0% used [0x050d0000, 0x050d0000, 0x05150000)
 tenured generation   total 10944K, used 5854K [0x0a150000, 0x0ac00000, 0x14c00000)
   the space 10944K,  53% used [0x0a150000, 0x0a707988, 0x0a707a00, 0x0ac00000)
 Metaspace       used 9222K, capacity 9755K, committed 9856K, reserved 10624K
Event: 1.842 GC heap after
Heap after GC invocations=7 (full 0):
 def new generation   total 4928K, used 293K [0x04c00000, 0x05150000, 0x0a150000)
  eden space 4416K,   0% used [0x04c00000, 0x04c00000, 0x05050000)
  from space 512K,  57% used [0x050d0000, 0x051196f8, 0x05150000)
  to   space 512K,   0% used [0x05050000, 0x05050000, 0x050d0000)
 tenured generation   total 10944K, used 7387K [0x0a150000, 0x0ac00000, 0x14c00000)
   the space 10944K,  67% used [0x0a150000, 0x0a886ea0, 0x0a887000, 0x0ac00000)
 Metaspace       used 9222K, capacity 9755K, committed 9856K, reserved 10624K
}
Event: 3.516 GC heap before
{Heap before GC invocations=7 (full 0):
 def new generation   total 4928K, used 4709K [0x04c00000, 0x05150000, 0x0a150000)
  eden space 4416K, 100% used [0x04c00000, 0x05050000, 0x05050000)
  from space 512K,  57% used [0x050d0000, 0x051196f8, 0x05150000)
  to   space 512K,   0% used [0x05050000, 0x05050000, 0x050d0000)
 tenured generation   total 10944K, used 7387K [0x0a150000, 0x0ac00000, 0x14c00000)
   the space 10944K,  67% used [0x0a150000, 0x0a886ea0, 0x0a887000, 0x0ac00000)
 Metaspace       used 9272K, capacity 9817K, committed 9856K, reserved 10624K
Event: 3.540 GC heap after
Heap after GC invocations=8 (full 1):
 def new generation   total 8128K, used 0K [0x04c00000, 0x054d0000, 0x0a150000)
  eden space 7232K,   0% used [0x04c00000, 0x04c00000, 0x05310000)
  from space 896K,   0% used [0x05310000, 0x05310000, 0x053f0000)
  to   space 896K,   0% used [0x053f0000, 0x053f0000, 0x054d0000)
 tenured generation   total 17948K, used 10767K [0x0a150000, 0x0b2d7000, 0x14c00000)
   the space 17948K,  59% used [0x0a150000, 0x0abd3d88, 0x0abd3e00, 0x0b2d7000)
 Metaspace       used 9272K, capacity 9817K, committed 9856K, reserved 10624K
}

